travis_fold:start:worker_info
[0K[33;1mWorker information[0m
hostname: i-0e57dbb-precise-production-2-worker-org-docker.travisci.net:77fb7ea6-9917-4734-b390-a60711244f42
version: v2.5.0 https://github.com/travis-ci/worker/tree/da3a43228dffc0fcca5a46569ca786b22991979f
instance: c58f89d:travis:java
startup: 850.670567ms
travis_fold:end:worker_info
[0Ktravis_fold:start:system_info
[0K[33;1mBuild system information[0m
Build language: java
Build group: stable
Build dist: precise
Build id: 270818410
Job id: 270818411
Runtime kernel version: 4.8.12-040812-generic
travis-build version: 826b19c20
[34m[1mBuild image provisioning date and time[0m
Thu Feb  5 15:09:33 UTC 2015
[34m[1mOperating System Details[0m
Distributor ID:	Ubuntu
Description:	Ubuntu 12.04.5 LTS
Release:	12.04
Codename:	precise
[34m[1mLinux Version[0m
3.13.0-29-generic
[34m[1mCookbooks Version[0m
a68419e https://github.com/travis-ci/travis-cookbooks/tree/a68419e
[34m[1mGCC version[0m
gcc (Ubuntu/Linaro 4.6.3-1ubuntu5) 4.6.3
Copyright (C) 2011 Free Software Foundation, Inc.
This is free software; see the source for copying conditions.  There is NO
warranty; not even for MERCHANTABILITY or FITNESS FOR A PARTICULAR PURPOSE.

[34m[1mLLVM version[0m
clang version 3.4 (tags/RELEASE_34/final)
Target: x86_64-unknown-linux-gnu
Thread model: posix
[34m[1mPre-installed Ruby versions[0m
ruby-1.9.3-p551
[34m[1mPre-installed Node.js versions[0m
v0.10.36
[34m[1mPre-installed Go versions[0m
1.4.1
[34m[1mRedis version[0m
redis-server 2.8.19
[34m[1mriak version[0m
2.0.2
[34m[1mMongoDB version[0m
MongoDB 2.4.12
[34m[1mCouchDB version[0m
couchdb 1.6.1
[34m[1mNeo4j version[0m
1.9.4
[34m[1mRabbitMQ Version[0m
3.4.3
[34m[1mElasticSearch version[0m
1.4.0
[34m[1mInstalled Sphinx versions[0m
2.0.10
2.1.9
2.2.6
[34m[1mDefault Sphinx version[0m
2.2.6
[34m[1mInstalled Firefox version[0m
firefox 31.0esr
[34m[1mPhantomJS version[0m
1.9.8
[34m[1mant -version[0m
Apache Ant(TM) version 1.8.2 compiled on December 3 2011
[34m[1mmvn -version[0m
Apache Maven 3.2.5 (12a6b3acb947671f09b81f49094c53f426d8cea1; 2014-12-14T17:29:23+00:00)
Maven home: /usr/local/maven
Java version: 1.7.0_76, vendor: Oracle Corporation
Java home: /usr/lib/jvm/java-7-oracle/jre
Default locale: en_US, platform encoding: ANSI_X3.4-1968
OS name: "linux", version: "3.13.0-29-generic", arch: "amd64", family: "unix"
travis_fold:end:system_info
[0K
travis_fold:start:fix.CVE-2015-7547
[0K$ export DEBIAN_FRONTEND=noninteractive
Reading package lists...
Building dependency tree...
Reading state information...
The following extra packages will be installed:
  libc-bin libc-dev-bin libc6-dev
Suggested packages:
  glibc-doc
The following packages will be upgraded:
  libc-bin libc-dev-bin libc6 libc6-dev
4 upgraded, 0 newly installed, 0 to remove and 278 not upgraded.
Need to get 8,856 kB of archives.
After this operation, 13.3 kB of additional disk space will be used.
Get:1 http://us.archive.ubuntu.com/ubuntu/ precise-updates/main libc6-dev amd64 2.15-0ubuntu10.18 [2,948 kB]
Get:2 http://us.archive.ubuntu.com/ubuntu/ precise-updates/main libc-dev-bin amd64 2.15-0ubuntu10.18 [84.5 kB]
Get:3 http://us.archive.ubuntu.com/ubuntu/ precise-updates/main libc-bin amd64 2.15-0ubuntu10.18 [1,178 kB]
Get:4 http://us.archive.ubuntu.com/ubuntu/ precise-updates/main libc6 amd64 2.15-0ubuntu10.18 [4,646 kB]
Fetched 8,856 kB in 0s (35.2 MB/s)
Preconfiguring packages ...
(Reading database ... 
(Reading database ... 5%
(Reading database ... 10%
(Reading database ... 15%
(Reading database ... 20%
(Reading database ... 25%
(Reading database ... 30%
(Reading database ... 35%
(Reading database ... 40%
(Reading database ... 45%
(Reading database ... 50%
(Reading database ... 55%
(Reading database ... 60%
(Reading database ... 65%
(Reading database ... 70%
(Reading database ... 75%
(Reading database ... 80%
(Reading database ... 85%
(Reading database ... 90%
(Reading database ... 95%
(Reading database ... 100%
(Reading database ... 72019 files and directories currently installed.)
Preparing to replace libc6-dev 2.15-0ubuntu10.10 (using .../libc6-dev_2.15-0ubuntu10.18_amd64.deb) ...
Unpacking replacement libc6-dev ...
Preparing to replace libc-dev-bin 2.15-0ubuntu10.10 (using .../libc-dev-bin_2.15-0ubuntu10.18_amd64.deb) ...
Unpacking replacement libc-dev-bin ...
Preparing to replace libc-bin 2.15-0ubuntu10.10 (using .../libc-bin_2.15-0ubuntu10.18_amd64.deb) ...
Unpacking replacement libc-bin ...
Processing triggers for man-db ...
Setting up libc-bin (2.15-0ubuntu10.18) ...
(Reading database ... 
(Reading database ... 5%
(Reading database ... 10%
(Reading database ... 15%
(Reading database ... 20%
(Reading database ... 25%
(Reading database ... 30%
(Reading database ... 35%
(Reading database ... 40%
(Reading database ... 45%
(Reading database ... 50%
(Reading database ... 55%
(Reading database ... 60%
(Reading database ... 65%
(Reading database ... 70%
(Reading database ... 75%
(Reading database ... 80%
(Reading database ... 85%
(Reading database ... 90%
(Reading database ... 95%
(Reading database ... 100%
(Reading database ... 72018 files and directories currently installed.)
Preparing to replace libc6 2.15-0ubuntu10.10 (using .../libc6_2.15-0ubuntu10.18_amd64.deb) ...
Unpacking replacement libc6 ...
Setting up libc6 (2.15-0ubuntu10.18) ...
Setting up libc-dev-bin (2.15-0ubuntu10.18) ...
Setting up libc6-dev (2.15-0ubuntu10.18) ...
Processing triggers for libc-bin ...
ldconfig deferred processing now taking place
travis_fold:end:fix.CVE-2015-7547
[0Ktravis_fold:start:update_libssl1.0.0
[0K$ sudo apt-get install ca-certificates libssl1.0.0

Reading package lists... 0%

Reading package lists... 0%

Reading package lists... 1%

Reading package lists... 10%

Reading package lists... 10%

Reading package lists... 11%

Reading package lists... 11%

Reading package lists... 46%

Reading package lists... 46%

Reading package lists... 47%

Reading package lists... 47%

Reading package lists... 51%

Reading package lists... 58%

Reading package lists... 58%

Reading package lists... 58%

Reading package lists... 58%

Reading package lists... 94%

Reading package lists... 94%

Reading package lists... 95%

Reading package lists... 95%

Reading package lists... 95%

Reading package lists... 95%

Reading package lists... 95%

Reading package lists... 95%

Reading package lists... 95%

Reading package lists... 95%

Reading package lists... 95%

Reading package lists... 95%

Reading package lists... 95%

Reading package lists... 95%

Reading package lists... 95%

Reading package lists... 95%

Reading package lists... 95%

Reading package lists... 95%

Reading package lists... 95%

Reading package lists... 95%

Reading package lists... 95%

Reading package lists... 95%

Reading package lists... 95%

Reading package lists... 95%

Reading package lists... 95%

Reading package lists... 95%

Reading package lists... 95%

Reading package lists... 95%

Reading package lists... 95%

Reading package lists... 95%

Reading package lists... 95%

Reading package lists... 95%

Reading package lists... 95%

Reading package lists... 95%

Reading package lists... 95%

Reading package lists... 95%

Reading package lists... 95%

Reading package lists... 95%

Reading package lists... 95%

Reading package lists... 95%

Reading package lists... 95%

Reading package lists... 95%

Reading package lists... 95%

Reading package lists... 95%

Reading package lists... 95%

Reading package lists... 95%

Reading package lists... 95%

Reading package lists... 95%

Reading package lists... 95%

Reading package lists... 95%

Reading package lists... 95%

Reading package lists... 95%

Reading package lists... 95%

Reading package lists... 95%

Reading package lists... 95%

Reading package lists... 95%

Reading package lists... 95%

Reading package lists... 95%

Reading package lists... 95%

Reading package lists... 95%

Reading package lists... 95%

Reading package lists... 96%

Reading package lists... 96%

Reading package lists... 96%

Reading package lists... 96%

Reading package lists... 97%

Reading package lists... 97%

Reading package lists... 98%

Reading package lists... 98%

Reading package lists... 98%

Reading package lists... 98%

Reading package lists... 98%

Reading package lists... 98%

Reading package lists... 98%

Reading package lists... 98%

Reading package lists... 98%

Reading package lists... 98%

Reading package lists... 98%

Reading package lists... 98%

Reading package lists... 98%

Reading package lists... 98%

Reading package lists... 98%

Reading package lists... 98%

Reading package lists... 98%

Reading package lists... 98%

Reading package lists... Done


Building dependency tree... 0%

Building dependency tree... 0%

Building dependency tree... 50%

Building dependency tree... 50%

Building dependency tree       


Reading state information... 0%

Reading state information... 0%

Reading state information... Done

The following extra packages will be installed:
  libssl-dev
The following packages will be upgraded:
  ca-certificates libssl-dev libssl1.0.0
3 upgraded, 0 newly installed, 0 to remove and 275 not upgraded.
Need to get 2,842 kB of archives.
After this operation, 41.0 kB of additional disk space will be used.


0% [Working]
            
Get:1 http://us.archive.ubuntu.com/ubuntu/ precise-updates/main libssl-dev amd64 1.0.1-4ubuntu5.39 [1,580 kB]

            
0% [1 libssl-dev 14.1 kB/1,580 kB 1%]
                                     
56% [Working]
             
Get:2 http://us.archive.ubuntu.com/ubuntu/ precise-updates/main libssl1.0.0 amd64 1.0.1-4ubuntu5.39 [1,054 kB]

             
57% [2 libssl1.0.0 53.2 kB/1,054 kB 5%]
                                       
93% [Working]
             
Get:3 http://us.archive.ubuntu.com/ubuntu/ precise-updates/main ca-certificates all 20160104ubuntu0.12.04.1 [208 kB]

             
94% [3 ca-certificates 51.7 kB/208 kB 25%]
                                          
100% [Working]
              
Fetched 2,842 kB in 0s (15.9 MB/s)
Preconfiguring packages ...
(Reading database ... 
(Reading database ... 5%
(Reading database ... 10%
(Reading database ... 15%
(Reading database ... 20%
(Reading database ... 25%
(Reading database ... 30%
(Reading database ... 35%
(Reading database ... 40%
(Reading database ... 45%
(Reading database ... 50%
(Reading database ... 55%
(Reading database ... 60%
(Reading database ... 65%
(Reading database ... 70%
(Reading database ... 75%
(Reading database ... 80%
(Reading database ... 85%
(Reading database ... 90%
(Reading database ... 95%
(Reading database ... 100%
(Reading database ... 72018 files and directories currently installed.)
Preparing to replace libssl-dev 1.0.1-4ubuntu5.21 (using .../libssl-dev_1.0.1-4ubuntu5.39_amd64.deb) ...
Unpacking replacement libssl-dev ...
Preparing to replace libssl1.0.0 1.0.1-4ubuntu5.21 (using .../libssl1.0.0_1.0.1-4ubuntu5.39_amd64.deb) ...
Unpacking replacement libssl1.0.0 ...
Setting up libssl1.0.0 (1.0.1-4ubuntu5.39) ...
Processing triggers for libc-bin ...
ldconfig deferred processing now taking place
(Reading database ... 
(Reading database ... 5%
(Reading database ... 10%
(Reading database ... 15%
(Reading database ... 20%
(Reading database ... 25%
(Reading database ... 30%
(Reading database ... 35%
(Reading database ... 40%
(Reading database ... 45%
(Reading database ... 50%
(Reading database ... 55%
(Reading database ... 60%
(Reading database ... 65%
(Reading database ... 70%
(Reading database ... 75%
(Reading database ... 80%
(Reading database ... 85%
(Reading database ... 90%
(Reading database ... 95%
(Reading database ... 100%
(Reading database ... 72018 files and directories currently installed.)
Preparing to replace ca-certificates 20130906ubuntu0.12.04.1 (using .../ca-certificates_20160104ubuntu0.12.04.1_all.deb) ...
Unpacking replacement ca-certificates ...
Processing triggers for man-db ...
Setting up libssl-dev (1.0.1-4ubuntu5.39) ...
Setting up ca-certificates (20160104ubuntu0.12.04.1) ...
Updating certificates in /etc/ssl/certs... 35 added, 26 removed; done.
Running hooks in /etc/ca-certificates/update.d....
Adding debian:ACCVRAIZ1.pem
Adding debian:Atos_TrustedRoot_2011.pem
Adding debian:CA_WoSign_ECC_Root.pem
Adding debian:Certification_Authority_of_WoSign_G2.pem
Adding debian:Certinomis_-_Root_CA.pem
Adding debian:CFCA_EV_ROOT.pem
Adding debian:COMODO_RSA_Certification_Authority.pem
Adding debian:DigiCert_Assured_ID_Root_G2.pem
Adding debian:DigiCert_Assured_ID_Root_G3.pem
Adding debian:DigiCert_Global_Root_G2.pem
Adding debian:DigiCert_Global_Root_G3.pem
Adding debian:DigiCert_Trusted_Root_G4.pem
Adding debian:Entrust_Root_Certification_Authority_-_EC1.pem
Adding debian:Entrust_Root_Certification_Authority_-_G2.pem
Adding debian:E-Tugra_Certification_Authority.pem
Adding debian:GlobalSign_ECC_Root_CA_-_R4.pem
Adding debian:GlobalSign_ECC_Root_CA_-_R5.pem
Adding debian:IdenTrust_Commercial_Root_CA_1.pem
Adding debian:IdenTrust_Public_Sector_Root_CA_1.pem
Adding debian:OISTE_WISeKey_Global_Root_GB_CA.pem
Adding debian:QuoVadis_Root_CA_1_G3.pem
Adding debian:QuoVadis_Root_CA_2_G3.pem
Adding debian:QuoVadis_Root_CA_3_G3.pem
Adding debian:Staat_der_Nederlanden_EV_Root_CA.pem
Adding debian:Staat_der_Nederlanden_Root_CA_-_G3.pem
Adding debian:S-TRUST_Universal_Root_CA.pem
Adding debian:TeliaSonera_Root_CA_v1.pem
Adding debian:T-TeleSec_GlobalRoot_Class_2.pem
Adding debian:TÃƒÅ“RKTRUST_Elektronik_Sertifika_Hizmet_SaÃ„Å¸layÃ„Â±cÃ„Â±sÃ„Â±_H5.pem
Adding debian:TÃƒÅ“RKTRUST_Elektronik_Sertifika_Hizmet_SaÃ„Å¸layÃ„Â±cÃ„Â±sÃ„Â±_H6.pem
Adding debian:TWCA_Global_Root_CA.pem
Adding debian:USERTrust_ECC_Certification_Authority.pem
Adding debian:USERTrust_RSA_Certification_Authority.pem
Adding debian:WoSign_China.pem
Adding debian:WoSign.pem
Removing debian:A-Trust-nQual-03.pem
Removing debian:America_Online_Root_Certification_Authority_1.pem
Removing debian:America_Online_Root_Certification_Authority_2.pem
Removing debian:Buypass_Class_3_CA_1.pem
Removing debian:ComSign_Secured_CA.pem
Removing debian:Digital_Signature_Trust_Co._Global_CA_1.pem
Removing debian:Digital_Signature_Trust_Co._Global_CA_3.pem
Removing debian:E-Guven_Kok_Elektronik_Sertifika_Hizmet_Saglayicisi.pem
Removing debian:Entrust.net_Secure_Server_CA.pem
Removing debian:Firmaprofesional_Root_CA.pem
Removing debian:GTE_CyberTrust_Global_Root.pem
Removing debian:RSA_Root_Certificate_1.pem
Removing debian:TC_TrustCenter_Class_2_CA_II.pem
Removing debian:TC_TrustCenter_Universal_CA_I.pem
Removing debian:TDC_Internet_Root_CA.pem
Removing debian:TDC_OCES_Root_CA.pem
Removing debian:TURKTRUST_Certificate_Services_Provider_Root_1.pem
Removing debian:TURKTRUST_Certificate_Services_Provider_Root_2.pem
Removing debian:Thawte_Premium_Server_CA.pem
Removing debian:Thawte_Server_CA.pem
Removing debian:UTN_DATACorp_SGC_Root_CA.pem
Removing debian:ValiCert_Class_1_VA.pem
Removing debian:ValiCert_Class_2_VA.pem
Removing debian:Verisign_Class_4_Public_Primary_Certification_Authority_-_G3.pem
Removing debian:Wells_Fargo_Root_CA.pem
Removing debian:spi-cacert-2008.pem
done.
done.
travis_fold:end:update_libssl1.0.0
[0K$ jdk_switcher use oraclejdk7
Switching to Oracle JDK7 (java-7-oracle), JAVA_HOME will be set to /usr/lib/jvm/java-7-oracle
travis_fold:start:git.checkout
[0Ktravis_time:start:17f7e0f2
[0K$ git clone --depth=50 --branch=next https://github.com/bndtools/bndtools.git bndtools/bndtools
Cloning into 'bndtools/bndtools'...
remote: Counting objects: 2976, done.[K
remote: Compressing objects:   0% (1/1989)   [K
remote: Compressing objects:   1% (20/1989)   [K
remote: Compressing objects:   2% (40/1989)   [K
remote: Compressing objects:   3% (60/1989)   [K
remote: Compressing objects:   4% (80/1989)   [K
remote: Compressing objects:   5% (100/1989)   [K
remote: Compressing objects:   6% (120/1989)   [K
remote: Compressing objects:   7% (140/1989)   [K
remote: Compressing objects:   8% (160/1989)   [K
remote: Compressing objects:   9% (180/1989)   [K
remote: Compressing objects:  10% (199/1989)   [K
remote: Compressing objects:  11% (219/1989)   [K
remote: Compressing objects:  12% (239/1989)   [K
remote: Compressing objects:  13% (259/1989)   [K
remote: Compressing objects:  14% (279/1989)   [K
remote: Compressing objects:  15% (299/1989)   [K
remote: Compressing objects:  16% (319/1989)   [K
remote: Compressing objects:  17% (339/1989)   [K
remote: Compressing objects:  18% (359/1989)   [K
remote: Compressing objects:  19% (378/1989)   [K
remote: Compressing objects:  20% (398/1989)   [K
remote: Compressing objects:  21% (418/1989)   [K
remote: Compressing objects:  22% (438/1989)   [K
remote: Compressing objects:  23% (458/1989)   [K
remote: Compressing objects:  24% (478/1989)   [K
remote: Compressing objects:  25% (498/1989)   [K
remote: Compressing objects:  26% (518/1989)   [K
remote: Compressing objects:  27% (538/1989)   [K
remote: Compressing objects:  28% (557/1989)   [K
remote: Compressing objects:  29% (577/1989)   [K
remote: Compressing objects:  30% (597/1989)   [K
remote: Compressing objects:  31% (617/1989)   [K
remote: Compressing objects:  32% (637/1989)   [K
remote: Compressing objects:  33% (657/1989)   [K
remote: Compressing objects:  34% (677/1989)   [K
remote: Compressing objects:  35% (697/1989)   [K
remote: Compressing objects:  36% (717/1989)   [K
remote: Compressing objects:  37% (736/1989)   [K
remote: Compressing objects:  38% (756/1989)   [K
remote: Compressing objects:  39% (776/1989)   [K
remote: Compressing objects:  40% (796/1989)   [K
remote: Compressing objects:  41% (816/1989)   [K
remote: Compressing objects:  42% (836/1989)   [K
remote: Compressing objects:  43% (856/1989)   [K
remote: Compressing objects:  44% (876/1989)   [K
remote: Compressing objects:  45% (896/1989)   [K
remote: Compressing objects:  46% (915/1989)   [K
remote: Compressing objects:  47% (935/1989)   [K
remote: Compressing objects:  48% (955/1989)   [K
remote: Compressing objects:  49% (975/1989)   [K
remote: Compressing objects:  50% (995/1989)   [K
remote: Compressing objects:  51% (1015/1989)   [K
remote: Compressing objects:  52% (1035/1989)   [K
remote: Compressing objects:  53% (1055/1989)   [K
remote: Compressing objects:  54% (1075/1989)   [K
remote: Compressing objects:  55% (1094/1989)   [K
remote: Compressing objects:  56% (1114/1989)   [K
remote: Compressing objects:  57% (1134/1989)   [K
remote: Compressing objects:  58% (1154/1989)   [K
remote: Compressing objects:  59% (1174/1989)   [K
remote: Compressing objects:  60% (1194/1989)   [K
remote: Compressing objects:  61% (1214/1989)   [K
remote: Compressing objects:  62% (1234/1989)   [K
remote: Compressing objects:  63% (1254/1989)   [K
remote: Compressing objects:  64% (1273/1989)   [K
remote: Compressing objects:  65% (1293/1989)   [K
remote: Compressing objects:  66% (1313/1989)   [K
remote: Compressing objects:  67% (1333/1989)   [K
remote: Compressing objects:  68% (1353/1989)   [K
remote: Compressing objects:  69% (1373/1989)   [K
remote: Compressing objects:  70% (1393/1989)   [K
remote: Compressing objects:  71% (1413/1989)   [K
remote: Compressing objects:  72% (1433/1989)   [K
remote: Compressing objects:  73% (1452/1989)   [K
remote: Compressing objects:  74% (1472/1989)   [K
remote: Compressing objects:  75% (1492/1989)   [K
remote: Compressing objects:  76% (1512/1989)   [K
remote: Compressing objects:  77% (1532/1989)   [K
remote: Compressing objects:  78% (1552/1989)   [K
remote: Compressing objects:  79% (1572/1989)   [K
remote: Compressing objects:  80% (1592/1989)   [K
remote: Compressing objects:  81% (1612/1989)   [K
remote: Compressing objects:  82% (1631/1989)   [K
remote: Compressing objects:  83% (1651/1989)   [K
remote: Compressing objects:  84% (1671/1989)   [K
remote: Compressing objects:  85% (1691/1989)   [K
remote: Compressing objects:  86% (1711/1989)   [K
remote: Compressing objects:  87% (1731/1989)   [K
remote: Compressing objects:  88% (1751/1989)   [K
remote: Compressing objects:  89% (1771/1989)   [K
remote: Compressing objects:  90% (1791/1989)   [K
remote: Compressing objects:  91% (1810/1989)   [K
remote: Compressing objects:  92% (1830/1989)   [K
remote: Compressing objects:  93% (1850/1989)   [K
remote: Compressing objects:  94% (1870/1989)   [K
remote: Compressing objects:  95% (1890/1989)   [K
remote: Compressing objects:  96% (1910/1989)   [K
remote: Compressing objects:  97% (1930/1989)   [K
remote: Compressing objects:  98% (1950/1989)   [K
remote: Compressing objects:  99% (1970/1989)   [K
remote: Compressing objects: 100% (1989/1989)   [K
remote: Compressing objects: 100% (1989/1989), done.[K
Receiving objects:   0% (1/2976)   
Receiving objects:   1% (30/2976)   
Receiving objects:   2% (60/2976)   
Receiving objects:   3% (90/2976)   
Receiving objects:   4% (120/2976)   
Receiving objects:   5% (149/2976)   
Receiving objects:   6% (179/2976)   
Receiving objects:   7% (209/2976)   
Receiving objects:   8% (239/2976)   
Receiving objects:   9% (268/2976)   
Receiving objects:  10% (298/2976)   
Receiving objects:  11% (328/2976)   
Receiving objects:  12% (358/2976)   
Receiving objects:  13% (387/2976)   
Receiving objects:  14% (417/2976)   
Receiving objects:  15% (447/2976)   
Receiving objects:  16% (477/2976)   
Receiving objects:  17% (506/2976)   
Receiving objects:  18% (536/2976)   
Receiving objects:  19% (566/2976)   
Receiving objects:  20% (596/2976)   
Receiving objects:  21% (625/2976)   
Receiving objects:  22% (655/2976)   
Receiving objects:  23% (685/2976)   
Receiving objects:  24% (715/2976)   
Receiving objects:  25% (744/2976)   
Receiving objects:  26% (774/2976)   
Receiving objects:  27% (804/2976)   
Receiving objects:  28% (834/2976)   
Receiving objects:  29% (864/2976)   
Receiving objects:  30% (893/2976)   
Receiving objects:  31% (923/2976)   
Receiving objects:  32% (953/2976)   
Receiving objects:  33% (983/2976)   
Receiving objects:  34% (1012/2976)   
Receiving objects:  35% (1042/2976)   
Receiving objects:  36% (1072/2976)   
Receiving objects:  37% (1102/2976)   
Receiving objects:  38% (1131/2976)   
Receiving objects:  39% (1161/2976)   
Receiving objects:  40% (1191/2976)   
Receiving objects:  41% (1221/2976)   
Receiving objects:  42% (1250/2976)   
Receiving objects:  43% (1280/2976)   
Receiving objects:  44% (1310/2976)   
Receiving objects:  45% (1340/2976)   
Receiving objects:  46% (1369/2976)   
Receiving objects:  47% (1399/2976)   
Receiving objects:  48% (1429/2976)   
Receiving objects:  49% (1459/2976)   
Receiving objects:  50% (1488/2976)   
Receiving objects:  51% (1518/2976)   
Receiving objects:  52% (1548/2976)   
Receiving objects:  53% (1578/2976)   
Receiving objects:  54% (1608/2976)   
Receiving objects:  55% (1637/2976)   
Receiving objects:  56% (1667/2976)   
Receiving objects:  57% (1697/2976)   
Receiving objects:  58% (1727/2976)   
Receiving objects:  59% (1756/2976)   
Receiving objects:  60% (1786/2976)   
Receiving objects:  61% (1816/2976)   
Receiving objects:  62% (1846/2976)   
Receiving objects:  63% (1875/2976)   
Receiving objects:  64% (1905/2976)   
Receiving objects:  65% (1935/2976)   
Receiving objects:  66% (1965/2976)   
Receiving objects:  67% (1994/2976)   
Receiving objects:  68% (2024/2976)   
Receiving objects:  69% (2054/2976)   
Receiving objects:  70% (2084/2976)   
Receiving objects:  71% (2113/2976)   
Receiving objects:  72% (2143/2976)   
Receiving objects:  73% (2173/2976)   
Receiving objects:  74% (2203/2976)   
Receiving objects:  75% (2232/2976)   
Receiving objects:  76% (2262/2976)   
Receiving objects:  77% (2292/2976)   
Receiving objects:  78% (2322/2976)   
Receiving objects:  79% (2352/2976)   
Receiving objects:  80% (2381/2976)   
Receiving objects:  81% (2411/2976), 10.15 MiB | 20.26 MiB/s   
Receiving objects:  82% (2441/2976), 10.15 MiB | 20.26 MiB/s   
Receiving objects:  83% (2471/2976), 10.15 MiB | 20.26 MiB/s   
Receiving objects:  84% (2500/2976), 10.15 MiB | 20.26 MiB/s   
Receiving objects:  85% (2530/2976), 10.15 MiB | 20.26 MiB/s   
Receiving objects:  86% (2560/2976), 10.15 MiB | 20.26 MiB/s   
Receiving objects:  87% (2590/2976), 10.15 MiB | 20.26 MiB/s   
Receiving objects:  88% (2619/2976), 10.15 MiB | 20.26 MiB/s   
Receiving objects:  89% (2649/2976), 10.15 MiB | 20.26 MiB/s   
Receiving objects:  90% (2679/2976), 10.15 MiB | 20.26 MiB/s   
Receiving objects:  90% (2704/2976), 21.59 MiB | 21.54 MiB/s   
Receiving objects:  91% (2709/2976), 21.59 MiB | 21.54 MiB/s   
Receiving objects:  92% (2738/2976), 21.59 MiB | 21.54 MiB/s   
Receiving objects:  93% (2768/2976), 21.59 MiB | 21.54 MiB/s   
Receiving objects:  94% (2798/2976), 21.59 MiB | 21.54 MiB/s   
Receiving objects:  95% (2828/2976), 21.59 MiB | 21.54 MiB/s   
Receiving objects:  96% (2857/2976), 21.59 MiB | 21.54 MiB/s   
Receiving objects:  97% (2887/2976), 21.59 MiB | 21.54 MiB/s   
Receiving objects:  98% (2917/2976), 21.59 MiB | 21.54 MiB/s   
Receiving objects:  99% (2947/2976), 21.59 MiB | 21.54 MiB/s   
remote: Total 2976 (delta 819), reused 2150 (delta 567), pack-reused 0[K
Receiving objects: 100% (2976/2976), 33.36 MiB | 22.20 MiB/s   
Receiving objects: 100% (2976/2976), 42.29 MiB | 22.20 MiB/s, done.
Resolving deltas:   0% (0/819)   
Resolving deltas:   1% (9/819)   
Resolving deltas:   2% (17/819)   
Resolving deltas:   3% (26/819)   
Resolving deltas:   4% (33/819)   
Resolving deltas:   5% (42/819)   
Resolving deltas:   9% (78/819)   
Resolving deltas:  16% (133/819)   
Resolving deltas:  19% (161/819)   
Resolving deltas:  20% (171/819)   
Resolving deltas:  22% (181/819)   
Resolving deltas:  23% (190/819)   
Resolving deltas:  24% (198/819)   
Resolving deltas:  27% (222/819)   
Resolving deltas:  28% (230/819)   
Resolving deltas:  29% (240/819)   
Resolving deltas:  30% (246/819)   
Resolving deltas:  31% (254/819)   
Resolving deltas:  32% (263/819)   
Resolving deltas:  33% (271/819)   
Resolving deltas:  34% (285/819)   
Resolving deltas:  35% (287/819)   
Resolving deltas:  36% (296/819)   
Resolving deltas:  37% (310/819)   
Resolving deltas:  39% (322/819)   
Resolving deltas:  40% (329/819)   
Resolving deltas:  41% (341/819)   
Resolving deltas:  42% (346/819)   
Resolving deltas:  43% (353/819)   
Resolving deltas:  44% (362/819)   
Resolving deltas:  45% (369/819)   
Resolving deltas:  46% (379/819)   
Resolving deltas:  47% (385/819)   
Resolving deltas:  48% (401/819)   
Resolving deltas:  49% (408/819)   
Resolving deltas:  50% (412/819)   
Resolving deltas:  51% (419/819)   
Resolving deltas:  52% (430/819)   
Resolving deltas:  54% (449/819)   
Resolving deltas:  56% (464/819)   
Resolving deltas:  57% (467/819)   
Resolving deltas:  58% (481/819)   
Resolving deltas:  59% (485/819)   
Resolving deltas:  60% (493/819)   
Resolving deltas:  62% (508/819)   
Resolving deltas:  63% (516/819)   
Resolving deltas:  64% (530/819)   
Resolving deltas:  65% (536/819)   
Resolving deltas:  66% (548/819)   
Resolving deltas:  67% (554/819)   
Resolving deltas:  68% (557/819)   
Resolving deltas:  69% (570/819)   
Resolving deltas:  70% (577/819)   
Resolving deltas:  71% (582/819)   
Resolving deltas:  72% (590/819)   
Resolving deltas:  73% (598/819)   
Resolving deltas:  74% (607/819)   
Resolving deltas:  75% (615/819)   
Resolving deltas:  76% (624/819)   
Resolving deltas:  77% (631/819)   
Resolving deltas:  78% (639/819)   
Resolving deltas:  79% (648/819)   
Resolving deltas:  80% (656/819)   
Resolving deltas:  81% (665/819)   
Resolving deltas:  82% (673/819)   
Resolving deltas:  83% (680/819)   
Resolving deltas:  84% (688/819)   
Resolving deltas:  85% (697/819)   
Resolving deltas:  86% (709/819)   
Resolving deltas:  87% (713/819)   
Resolving deltas:  88% (721/819)   
Resolving deltas:  89% (729/819)   
Resolving deltas:  90% (739/819)   
Resolving deltas:  91% (748/819)   
Resolving deltas:  92% (755/819)   
Resolving deltas:  93% (763/819)   
Resolving deltas:  94% (770/819)   
Resolving deltas:  95% (779/819)   
Resolving deltas:  96% (787/819)   
Resolving deltas:  97% (795/819)   
Resolving deltas:  98% (803/819)   
Resolving deltas:  99% (812/819)   
Resolving deltas: 100% (819/819)   
Resolving deltas: 100% (819/819), done.
Checking connectivity... done.

travis_time:end:17f7e0f2:start=1504270960033704330,finish=1504270963616190151,duration=3582485821
[0K$ cd bndtools/bndtools
$ git checkout -qf c09ded2ade34a186643f0ed8e64528516266d569
travis_fold:end:git.checkout
[0K
[33;1mSetting environment variables from .travis.yml[0m
$ export TERM=dumb

$ export TERM=dumb
[33;1mDisabling Gradle daemon[0m
travis_time:start:0c9f5820
[0K$ mkdir -p ~/.gradle && echo "org.gradle.daemon=false" >> ~/.gradle/gradle.properties

travis_time:end:0c9f5820:start=1504270967712537132,finish=1504270967717524323,duration=4987191
[0K$ export PATH=$JAVA_HOME/bin:$PATH
travis_fold:start:cache.1
[0KSetting up build cache
$ export CASHER_DIR=$HOME/.casher
travis_time:start:00dc3b30
[0K$ Installing caching utilities

travis_time:end:00dc3b30:start=1504270967948917178,finish=1504270967986022164,duration=37104986
[0Ktravis_time:start:08653f9e
[0K
travis_time:end:08653f9e:start=1504270967992199184,finish=1504270967996846909,duration=4647725
[0Ktravis_time:start:18fb7936
[0K[32;1mattempting to download cache archive[0m
[32;1mfetching next/cache-linux-precise-3517298fec68fa461026b229805df3fc0c5454187740fecd9f4d9993c2e9a038--jdk-oraclejdk7.tgz[0m
[32;1mfetching next/cache--jdk-oraclejdk7.tgz[0m
[32;1mfetching master/cache-linux-precise-3517298fec68fa461026b229805df3fc0c5454187740fecd9f4d9993c2e9a038--jdk-oraclejdk7.tgz[0m
[32;1mfound cache[0m

travis_time:end:18fb7936:start=1504270968001695866,finish=1504270977049661211,duration=9047965345
[0Ktravis_time:start:29661e74
[0K
travis_time:end:29661e74:start=1504270977054840768,finish=1504270977059269820,duration=4429052
[0Ktravis_time:start:03780640
[0K[32;1madding /home/travis/.gradle/caches to cache[0m
[32;1mcreating directory /home/travis/.gradle/caches[0m
[32;1madding /home/travis/.gradle/wrapper to cache[0m
[32;1mcreating directory /home/travis/.gradle/wrapper[0m
[32;1madding /home/travis/build/bndtools/bndtools/cnf/cache/stable to cache[0m
[32;1mcreating directory /home/travis/build/bndtools/bndtools/cnf/cache/stable[0m
/home/travis/build/bndtools/bndtools/cnf/cache/stable/EclipseM2E/org.eclipse.m2e.core-1.6.2.20150902-0002.jar: No such file or directory
/home/travis/build/bndtools/bndtools/cnf/cache/stable/EclipseM2E/org.eclipse.m2e.jdt-1.6.2.20150902-0002.jar: No such file or directory

travis_time:end:03780640:start=1504270977064238636,finish=1504270986392515940,duration=9328277304
[0Ktravis_fold:end:cache.1
[0K$ java -Xmx32m -version
java version "1.7.0_76"
Java(TM) SE Runtime Environment (build 1.7.0_76-b13)
Java HotSpot(TM) 64-Bit Server VM (build 24.76-b04, mixed mode)
$ javac -J-Xmx32m -version
javac 1.7.0_76
travis_fold:start:install
[0Ktravis_time:start:1917e936
[0K$ ./gradlew --version

------------------------------------------------------------
Gradle 4.1
------------------------------------------------------------

Build time:   2017-08-07 14:38:48 UTC
Revision:     941559e020f6c357ebb08d5c67acdb858a3defc2

Groovy:       2.4.11
Ant:          Apache Ant(TM) version 1.9.6 compiled on June 29 2015
JVM:          1.7.0_76 (Oracle Corporation 24.76-b04)
OS:           Linux 4.8.12-040812-generic amd64


travis_time:end:1917e936:start=1504270988680871528,finish=1504270989675477452,duration=994605924
[0Ktravis_fold:end:install
[0Ktravis_time:start:0c5e5b2d
[0K$ ./gradlew -Dmaven.repo.local=cnf/cache/stable/m2 --continue
Download https://bndtools.ci.cloudbees.com/job/bnd.next/lastSuccessfulBuild/artifact/dist/bundles/biz/aQute/bnd/biz.aQute.bnd.gradle/maven-metadata.xml
Download https://bndtools.ci.cloudbees.com/job/bnd.next/lastSuccessfulBuild/artifact/dist/bundles/biz/aQute/bnd/biz.aQute.bnd.gradle/3.4.0/biz.aQute.bnd.gradle-3.4.0.pom
Download https://bndtools.ci.cloudbees.com/job/bnd.next/lastSuccessfulBuild/artifact/dist/bundles/biz/aQute/bnd/biz.aQute.bnd.gradle/3.4.0/biz.aQute.bnd.gradle-3.4.0.jar
Download http://download.eclipse.org/tools/orbit/downloads/drops/R20150124073747/repository/index.xml.gz
Download https://dl.bintray.com/bndtools/eclipse-repo/4.4.2/index.xml.gz
Download https://bndtools.ci.cloudbees.com/job/bnd.next/lastSuccessfulBuild/artifact/dist/bundles/index.xml.gz
Download https://dl.bintray.com/bndtools/bndtools/3.4.0/index.xml.gz
Download http://download.eclipse.org/technology/m2e/releases/1.6/1.6.2.20150902-0002/plugins/org.eclipse.m2e.core_1.6.2.20150902-0002.jar
Download http://download.eclipse.org/technology/m2e/releases/1.6/1.6.2.20150902-0002/plugins/org.eclipse.m2e.jdt_1.6.2.20150902-0002.jar
Download http://mirrors.xmission.com/eclipse/technology/m2e/releases/1.6/1.6.2.20150902-0002/plugins/org.eclipse.m2e.core_1.6.2.20150902-0002.jar
Download https://bndtools.ci.cloudbees.com/job/bnd.next/lastSuccessfulBuild/artifact/dist/bundles/biz/aQute/bnd/org.osgi.impl.bundle.repoindex.cli/3.4.0/org.osgi.impl.bundle.repoindex.cli-3.4.0.jar
:bndtools.api:compileJavaerror  : Cannot find /error/aQute.libg;version=[3.5.0,4.0.0) Not found in [bnd-cache [/home/travis/build/bndtools/bndtools/cnf/cache/3.4.0/bnd-cache r/w=false], Bnd [/home/travis/build/bndtools/bndtools/cnf/cache/3.4.0/Bnd r/w=false], MavenBndRepository [localRepo=/home/travis/build/bndtools/bndtools/cnf/cache/stable/m2, storage=Maven Central, inited=true], Eclipse IDE for Eclipse Committers 4.4.2 [/home/travis/build/bndtools/bndtools/cnf/cache/stable/EclipseIDE r/w=false], Eclipse Orbit 4.4.2 [/home/travis/build/bndtools/bndtools/cnf/cache/stable/EclipseOrbit r/w=false], P2Repository [Eclipse m2e 1.6.2], m2e Deps, Build [/home/travis/build/bndtools/bndtools/cnf/buildrepo r/w=true], Release, Baseline [/home/travis/build/bndtools/bndtools/cnf/cache/stable/Baseline r/w=false]]
error  : Cannot find /error/biz.aQute.bndlib;version=[3.5.0,4.0.0) Not found in [bnd-cache [/home/travis/build/bndtools/bndtools/cnf/cache/3.4.0/bnd-cache r/w=false], Bnd [/home/travis/build/bndtools/bndtools/cnf/cache/3.4.0/Bnd r/w=false], MavenBndRepository [localRepo=/home/travis/build/bndtools/bndtools/cnf/cache/stable/m2, storage=Maven Central, inited=true], Eclipse IDE for Eclipse Committers 4.4.2 [/home/travis/build/bndtools/bndtools/cnf/cache/stable/EclipseIDE r/w=false], Eclipse Orbit 4.4.2 [/home/travis/build/bndtools/bndtools/cnf/cache/stable/EclipseOrbit r/w=false], P2Repository [Eclipse m2e 1.6.2], m2e Deps, Build [/home/travis/build/bndtools/bndtools/cnf/buildrepo r/w=true], Release, Baseline [/home/travis/build/bndtools/bndtools/cnf/cache/stable/Baseline r/w=false]]
error  : aQute.libg;version=[3.5.0,4.0.0) Not found in [bnd-cache [/home/travis/build/bndtools/bndtools/cnf/cache/3.4.0/bnd-cache r/w=false], Bnd [/home/travis/build/bndtools/bndtools/cnf/cache/3.4.0/Bnd r/w=false], MavenBndRepository [localRepo=/home/travis/build/bndtools/bndtools/cnf/cache/stable/m2, storage=Maven Central, inited=true], Eclipse IDE for Eclipse Committers 4.4.2 [/home/travis/build/bndtools/bndtools/cnf/cache/stable/EclipseIDE r/w=false], Eclipse Orbit 4.4.2 [/home/travis/build/bndtools/bndtools/cnf/cache/stable/EclipseOrbit r/w=false], P2Repository [Eclipse m2e 1.6.2], m2e Deps, Build [/home/travis/build/bndtools/bndtools/cnf/buildrepo r/w=true], Release, Baseline [/home/travis/build/bndtools/bndtools/cnf/cache/stable/Baseline r/w=false]]
error  : biz.aQute.bndlib;version=[3.5.0,4.0.0) Not found in [bnd-cache [/home/travis/build/bndtools/bndtools/cnf/cache/3.4.0/bnd-cache r/w=false], Bnd [/home/travis/build/bndtools/bndtools/cnf/cache/3.4.0/Bnd r/w=false], MavenBndRepository [localRepo=/home/travis/build/bndtools/bndtools/cnf/cache/stable/m2, storage=Maven Central, inited=true], Eclipse IDE for Eclipse Committers 4.4.2 [/home/travis/build/bndtools/bndtools/cnf/cache/stable/EclipseIDE r/w=false], Eclipse Orbit 4.4.2 [/home/travis/build/bndtools/bndtools/cnf/cache/stable/EclipseOrbit r/w=false], P2Repository [Eclipse m2e 1.6.2], m2e Deps, Build [/home/travis/build/bndtools/bndtools/cnf/buildrepo r/w=true], Release, Baseline [/home/travis/build/bndtools/bndtools/cnf/cache/stable/Baseline r/w=false]]
 FAILED
:bndtools.api:processResources NO-SOURCE
:bndtools.bndplugins:compileJavaerror  : Cannot find /error/aQute.libg;version=[3.5.0,4.0.0) Not found in [bnd-cache [/home/travis/build/bndtools/bndtools/cnf/cache/3.4.0/bnd-cache r/w=false], Bnd [/home/travis/build/bndtools/bndtools/cnf/cache/3.4.0/Bnd r/w=false], MavenBndRepository [localRepo=/home/travis/build/bndtools/bndtools/cnf/cache/stable/m2, storage=Maven Central, inited=true], Eclipse IDE for Eclipse Committers 4.4.2 [/home/travis/build/bndtools/bndtools/cnf/cache/stable/EclipseIDE r/w=false], Eclipse Orbit 4.4.2 [/home/travis/build/bndtools/bndtools/cnf/cache/stable/EclipseOrbit r/w=false], P2Repository [Eclipse m2e 1.6.2], m2e Deps, Build [/home/travis/build/bndtools/bndtools/cnf/buildrepo r/w=true], Release, Baseline [/home/travis/build/bndtools/bndtools/cnf/cache/stable/Baseline r/w=false]]
error  : Cannot find /error/biz.aQute.bndlib;version=[3.5.0,4.0.0) Not found in [bnd-cache [/home/travis/build/bndtools/bndtools/cnf/cache/3.4.0/bnd-cache r/w=false], Bnd [/home/travis/build/bndtools/bndtools/cnf/cache/3.4.0/Bnd r/w=false], MavenBndRepository [localRepo=/home/travis/build/bndtools/bndtools/cnf/cache/stable/m2, storage=Maven Central, inited=true], Eclipse IDE for Eclipse Committers 4.4.2 [/home/travis/build/bndtools/bndtools/cnf/cache/stable/EclipseIDE r/w=false], Eclipse Orbit 4.4.2 [/home/travis/build/bndtools/bndtools/cnf/cache/stable/EclipseOrbit r/w=false], P2Repository [Eclipse m2e 1.6.2], m2e Deps, Build [/home/travis/build/bndtools/bndtools/cnf/buildrepo r/w=true], Release, Baseline [/home/travis/build/bndtools/bndtools/cnf/cache/stable/Baseline r/w=false]]
error  : Cannot find /error/biz.aQute.repository;version=[3.5.0,4.0.0) Not found in [bnd-cache [/home/travis/build/bndtools/bndtools/cnf/cache/3.4.0/bnd-cache r/w=false], Bnd [/home/travis/build/bndtools/bndtools/cnf/cache/3.4.0/Bnd r/w=false], MavenBndRepository [localRepo=/home/travis/build/bndtools/bndtools/cnf/cache/stable/m2, storage=Maven Central, inited=true], Eclipse IDE for Eclipse Committers 4.4.2 [/home/travis/build/bndtools/bndtools/cnf/cache/stable/EclipseIDE r/w=false], Eclipse Orbit 4.4.2 [/home/travis/build/bndtools/bndtools/cnf/cache/stable/EclipseOrbit r/w=false], P2Repository [Eclipse m2e 1.6.2], m2e Deps, Build [/home/travis/build/bndtools/bndtools/cnf/buildrepo r/w=true], Release, Baseline [/home/travis/build/bndtools/bndtools/cnf/cache/stable/Baseline r/w=false]]
error  : aQute.libg;version=[3.5.0,4.0.0) Not found in [bnd-cache [/home/travis/build/bndtools/bndtools/cnf/cache/3.4.0/bnd-cache r/w=false], Bnd [/home/travis/build/bndtools/bndtools/cnf/cache/3.4.0/Bnd r/w=false], MavenBndRepository [localRepo=/home/travis/build/bndtools/bndtools/cnf/cache/stable/m2, storage=Maven Central, inited=true], Eclipse IDE for Eclipse Committers 4.4.2 [/home/travis/build/bndtools/bndtools/cnf/cache/stable/EclipseIDE r/w=false], Eclipse Orbit 4.4.2 [/home/travis/build/bndtools/bndtools/cnf/cache/stable/EclipseOrbit r/w=false], P2Repository [Eclipse m2e 1.6.2], m2e Deps, Build [/home/travis/build/bndtools/bndtools/cnf/buildrepo r/w=true], Release, Baseline [/home/travis/build/bndtools/bndtools/cnf/cache/stable/Baseline r/w=false]]
error  : biz.aQute.bndlib;version=[3.5.0,4.0.0) Not found in [bnd-cache [/home/travis/build/bndtools/bndtools/cnf/cache/3.4.0/bnd-cache r/w=false], Bnd [/home/travis/build/bndtools/bndtools/cnf/cache/3.4.0/Bnd r/w=false], MavenBndRepository [localRepo=/home/travis/build/bndtools/bndtools/cnf/cache/stable/m2, storage=Maven Central, inited=true], Eclipse IDE for Eclipse Committers 4.4.2 [/home/travis/build/bndtools/bndtools/cnf/cache/stable/EclipseIDE r/w=false], Eclipse Orbit 4.4.2 [/home/travis/build/bndtools/bndtools/cnf/cache/stable/EclipseOrbit r/w=false], P2Repository [Eclipse m2e 1.6.2], m2e Deps, Build [/home/travis/build/bndtools/bndtools/cnf/buildrepo r/w=true], Release, Baseline [/home/travis/build/bndtools/bndtools/cnf/cache/stable/Baseline r/w=false]]
error  : biz.aQute.repository;version=[3.5.0,4.0.0) Not found in [bnd-cache [/home/travis/build/bndtools/bndtools/cnf/cache/3.4.0/bnd-cache r/w=false], Bnd [/home/travis/build/bndtools/bndtools/cnf/cache/3.4.0/Bnd r/w=false], MavenBndRepository [localRepo=/home/travis/build/bndtools/bndtools/cnf/cache/stable/m2, storage=Maven Central, inited=true], Eclipse IDE for Eclipse Committers 4.4.2 [/home/travis/build/bndtools/bndtools/cnf/cache/stable/EclipseIDE r/w=false], Eclipse Orbit 4.4.2 [/home/travis/build/bndtools/bndtools/cnf/cache/stable/EclipseOrbit r/w=false], P2Repository [Eclipse m2e 1.6.2], m2e Deps, Build [/home/travis/build/bndtools/bndtools/cnf/buildrepo r/w=true], Release, Baseline [/home/travis/build/bndtools/bndtools/cnf/cache/stable/Baseline r/w=false]]
 FAILED
:bndtools.bndplugins:processResources
:bndtools.utils:processResources
:org.bndtools.headless.build.manager:processResources
:org.bndtools.templating:compileJavaerror  : Cannot find /error/aQute.libg;version=[3.5.0,4.0.0) Not found in [bnd-cache [/home/travis/build/bndtools/bndtools/cnf/cache/3.4.0/bnd-cache r/w=false], Bnd [/home/travis/build/bndtools/bndtools/cnf/cache/3.4.0/Bnd r/w=false], MavenBndRepository [localRepo=/home/travis/build/bndtools/bndtools/cnf/cache/stable/m2, storage=Maven Central, inited=true], Eclipse IDE for Eclipse Committers 4.4.2 [/home/travis/build/bndtools/bndtools/cnf/cache/stable/EclipseIDE r/w=false], Eclipse Orbit 4.4.2 [/home/travis/build/bndtools/bndtools/cnf/cache/stable/EclipseOrbit r/w=false], P2Repository [Eclipse m2e 1.6.2], m2e Deps, Build [/home/travis/build/bndtools/bndtools/cnf/buildrepo r/w=true], Release, Baseline [/home/travis/build/bndtools/bndtools/cnf/cache/stable/Baseline r/w=false]]
error  : Cannot find /error/biz.aQute.bndlib;version=[3.5.0,4.0.0) Not found in [bnd-cache [/home/travis/build/bndtools/bndtools/cnf/cache/3.4.0/bnd-cache r/w=false], Bnd [/home/travis/build/bndtools/bndtools/cnf/cache/3.4.0/Bnd r/w=false], MavenBndRepository [localRepo=/home/travis/build/bndtools/bndtools/cnf/cache/stable/m2, storage=Maven Central, inited=true], Eclipse IDE for Eclipse Committers 4.4.2 [/home/travis/build/bndtools/bndtools/cnf/cache/stable/EclipseIDE r/w=false], Eclipse Orbit 4.4.2 [/home/travis/build/bndtools/bndtools/cnf/cache/stable/EclipseOrbit r/w=false], P2Repository [Eclipse m2e 1.6.2], m2e Deps, Build [/home/travis/build/bndtools/bndtools/cnf/buildrepo r/w=true], Release, Baseline [/home/travis/build/bndtools/bndtools/cnf/cache/stable/Baseline r/w=false]]
error  : Cannot find /error/biz.aQute.repository;version=[3.5.0,4.0.0) Not found in [bnd-cache [/home/travis/build/bndtools/bndtools/cnf/cache/3.4.0/bnd-cache r/w=false], Bnd [/home/travis/build/bndtools/bndtools/cnf/cache/3.4.0/Bnd r/w=false], MavenBndRepository [localRepo=/home/travis/build/bndtools/bndtools/cnf/cache/stable/m2, storage=Maven Central, inited=true], Eclipse IDE for Eclipse Committers 4.4.2 [/home/travis/build/bndtools/bndtools/cnf/cache/stable/EclipseIDE r/w=false], Eclipse Orbit 4.4.2 [/home/travis/build/bndtools/bndtools/cnf/cache/stable/EclipseOrbit r/w=false], P2Repository [Eclipse m2e 1.6.2], m2e Deps, Build [/home/travis/build/bndtools/bndtools/cnf/buildrepo r/w=true], Release, Baseline [/home/travis/build/bndtools/bndtools/cnf/cache/stable/Baseline r/w=false]]
error  : aQute.libg;version=[3.5.0,4.0.0) Not found in [bnd-cache [/home/travis/build/bndtools/bndtools/cnf/cache/3.4.0/bnd-cache r/w=false], Bnd [/home/travis/build/bndtools/bndtools/cnf/cache/3.4.0/Bnd r/w=false], MavenBndRepository [localRepo=/home/travis/build/bndtools/bndtools/cnf/cache/stable/m2, storage=Maven Central, inited=true], Eclipse IDE for Eclipse Committers 4.4.2 [/home/travis/build/bndtools/bndtools/cnf/cache/stable/EclipseIDE r/w=false], Eclipse Orbit 4.4.2 [/home/travis/build/bndtools/bndtools/cnf/cache/stable/EclipseOrbit r/w=false], P2Repository [Eclipse m2e 1.6.2], m2e Deps, Build [/home/travis/build/bndtools/bndtools/cnf/buildrepo r/w=true], Release, Baseline [/home/travis/build/bndtools/bndtools/cnf/cache/stable/Baseline r/w=false]]
error  : biz.aQute.bndlib;version=[3.5.0,4.0.0) Not found in [bnd-cache [/home/travis/build/bndtools/bndtools/cnf/cache/3.4.0/bnd-cache r/w=false], Bnd [/home/travis/build/bndtools/bndtools/cnf/cache/3.4.0/Bnd r/w=false], MavenBndRepository [localRepo=/home/travis/build/bndtools/bndtools/cnf/cache/stable/m2, storage=Maven Central, inited=true], Eclipse IDE for Eclipse Committers 4.4.2 [/home/travis/build/bndtools/bndtools/cnf/cache/stable/EclipseIDE r/w=false], Eclipse Orbit 4.4.2 [/home/travis/build/bndtools/bndtools/cnf/cache/stable/EclipseOrbit r/w=false], P2Repository [Eclipse m2e 1.6.2], m2e Deps, Build [/home/travis/build/bndtools/bndtools/cnf/buildrepo r/w=true], Release, Baseline [/home/travis/build/bndtools/bndtools/cnf/cache/stable/Baseline r/w=false]]
error  : biz.aQute.repository;version=[3.5.0,4.0.0) Not found in [bnd-cache [/home/travis/build/bndtools/bndtools/cnf/cache/3.4.0/bnd-cache r/w=false], Bnd [/home/travis/build/bndtools/bndtools/cnf/cache/3.4.0/Bnd r/w=false], MavenBndRepository [localRepo=/home/travis/build/bndtools/bndtools/cnf/cache/stable/m2, storage=Maven Central, inited=true], Eclipse IDE for Eclipse Committers 4.4.2 [/home/travis/build/bndtools/bndtools/cnf/cache/stable/EclipseIDE r/w=false], Eclipse Orbit 4.4.2 [/home/travis/build/bndtools/bndtools/cnf/cache/stable/EclipseOrbit r/w=false], P2Repository [Eclipse m2e 1.6.2], m2e Deps, Build [/home/travis/build/bndtools/bndtools/cnf/buildrepo r/w=true], Release, Baseline [/home/travis/build/bndtools/bndtools/cnf/cache/stable/Baseline r/w=false]]
 FAILED
:org.bndtools.templating:processResources NO-SOURCE
:org.bndtools.versioncontrol.ignores.manager:processResources
:bndtools.core:processResources
:bndtools.builder:processResources
:bndtools.jareditor:compileJavaerror  : Cannot find /error/aQute.libg;version=[3.5.0,4.0.0) Not found in [bnd-cache [/home/travis/build/bndtools/bndtools/cnf/cache/3.4.0/bnd-cache r/w=false], Bnd [/home/travis/build/bndtools/bndtools/cnf/cache/3.4.0/Bnd r/w=false], MavenBndRepository [localRepo=/home/travis/build/bndtools/bndtools/cnf/cache/stable/m2, storage=Maven Central, inited=true], Eclipse IDE for Eclipse Committers 4.4.2 [/home/travis/build/bndtools/bndtools/cnf/cache/stable/EclipseIDE r/w=false], Eclipse Orbit 4.4.2 [/home/travis/build/bndtools/bndtools/cnf/cache/stable/EclipseOrbit r/w=false], P2Repository [Eclipse m2e 1.6.2], m2e Deps, Build [/home/travis/build/bndtools/bndtools/cnf/buildrepo r/w=true], Release, Baseline [/home/travis/build/bndtools/bndtools/cnf/cache/stable/Baseline r/w=false]]
error  : Cannot find /error/biz.aQute.bndlib;version=[3.5.0,4.0.0) Not found in [bnd-cache [/home/travis/build/bndtools/bndtools/cnf/cache/3.4.0/bnd-cache r/w=false], Bnd [/home/travis/build/bndtools/bndtools/cnf/cache/3.4.0/Bnd r/w=false], MavenBndRepository [localRepo=/home/travis/build/bndtools/bndtools/cnf/cache/stable/m2, storage=Maven Central, inited=true], Eclipse IDE for Eclipse Committers 4.4.2 [/home/travis/build/bndtools/bndtools/cnf/cache/stable/EclipseIDE r/w=false], Eclipse Orbit 4.4.2 [/home/travis/build/bndtools/bndtools/cnf/cache/stable/EclipseOrbit r/w=false], P2Repository [Eclipse m2e 1.6.2], m2e Deps, Build [/home/travis/build/bndtools/bndtools/cnf/buildrepo r/w=true], Release, Baseline [/home/travis/build/bndtools/bndtools/cnf/cache/stable/Baseline r/w=false]]
error  : aQute.libg;version=[3.5.0,4.0.0) Not found in [bnd-cache [/home/travis/build/bndtools/bndtools/cnf/cache/3.4.0/bnd-cache r/w=false], Bnd [/home/travis/build/bndtools/bndtools/cnf/cache/3.4.0/Bnd r/w=false], MavenBndRepository [localRepo=/home/travis/build/bndtools/bndtools/cnf/cache/stable/m2, storage=Maven Central, inited=true], Eclipse IDE for Eclipse Committers 4.4.2 [/home/travis/build/bndtools/bndtools/cnf/cache/stable/EclipseIDE r/w=false], Eclipse Orbit 4.4.2 [/home/travis/build/bndtools/bndtools/cnf/cache/stable/EclipseOrbit r/w=false], P2Repository [Eclipse m2e 1.6.2], m2e Deps, Build [/home/travis/build/bndtools/bndtools/cnf/buildrepo r/w=true], Release, Baseline [/home/travis/build/bndtools/bndtools/cnf/cache/stable/Baseline r/w=false]]
error  : biz.aQute.bndlib;version=[3.5.0,4.0.0) Not found in [bnd-cache [/home/travis/build/bndtools/bndtools/cnf/cache/3.4.0/bnd-cache r/w=false], Bnd [/home/travis/build/bndtools/bndtools/cnf/cache/3.4.0/Bnd r/w=false], MavenBndRepository [localRepo=/home/travis/build/bndtools/bndtools/cnf/cache/stable/m2, storage=Maven Central, inited=true], Eclipse IDE for Eclipse Committers 4.4.2 [/home/travis/build/bndtools/bndtools/cnf/cache/stable/EclipseIDE r/w=false], Eclipse Orbit 4.4.2 [/home/travis/build/bndtools/bndtools/cnf/cache/stable/EclipseOrbit r/w=false], P2Repository [Eclipse m2e 1.6.2], m2e Deps, Build [/home/travis/build/bndtools/bndtools/cnf/buildrepo r/w=true], Release, Baseline [/home/travis/build/bndtools/bndtools/cnf/cache/stable/Baseline r/w=false]]
 FAILED
:bndtools.jareditor:processResources NO-SOURCE
:bndtools.m2e:processResources NO-SOURCE
:bndtools.release:processResources
:build:compileJava NO-SOURCE
:build:processResources NO-SOURCE
:build:classes UP-TO-DATE
:org.bndtools.embeddedrepo:compileJava NO-SOURCE
:org.bndtools.embeddedrepo:processResources NO-SOURCE
:org.bndtools.embeddedrepo:classes UP-TO-DATE
:org.bndtools.embeddedrepo:jar
warning: The JAR is empty: The instructions for the JAR named org.bndtools.embeddedrepo did not cause any content to be included, this is likely wrong
error  : ${repo} macro refers to an artifact biz.aQute.bnd.embedded-repo-[3.5.0,4.0.0) (HIGHEST) that has an error: biz.aQute.bnd.embedded-repo;version=[3.5.0,4.0.0) Not found in [bnd-cache [/home/travis/build/bndtools/bndtools/cnf/cache/3.4.0/bnd-cache r/w=false], Bnd [/home/travis/build/bndtools/bndtools/cnf/cache/3.4.0/Bnd r/w=false], MavenBndRepository [localRepo=/home/travis/build/bndtools/bndtools/cnf/cache/stable/m2, storage=Maven Central, inited=true], Eclipse IDE for Eclipse Committers 4.4.2 [/home/travis/build/bndtools/bndtools/cnf/cache/stable/EclipseIDE r/w=false], Eclipse Orbit 4.4.2 [/home/travis/build/bndtools/bndtools/cnf/cache/stable/EclipseOrbit r/w=false], P2Repository [Eclipse m2e 1.6.2], m2e Deps, Build [/home/travis/build/bndtools/bndtools/cnf/buildrepo r/w=true], Release, Baseline [/home/travis/build/bndtools/bndtools/cnf/cache/stable/Baseline r/w=false]]
error  : Input file does not exist: embedded-repo.jar
:org.bndtools.embeddedrepo:jar FAILED
:org.bndtools.headless.build.plugin.ant:processResources NO-SOURCE
:org.bndtools.headless.build.plugin.gradle:processResources NO-SOURCE
:org.bndtools.templates.osgi:compileJava NO-SOURCE
:org.bndtools.templates.osgi:processResources NO-SOURCE
:org.bndtools.templates.osgi:classes UP-TO-DATE
:org.bndtools.templates.osgi:jar
:org.bndtools.templates.template:compileJava NO-SOURCE
:org.bndtools.templates.template:processResources NO-SOURCE
:org.bndtools.templates.template:classes UP-TO-DATE
:org.bndtools.templates.template:jar
:org.bndtools.templating.gitrepo:processResources NO-SOURCE
:org.bndtools.versioncontrol.ignores.plugin.git:processResources NO-SOURCE
:build:compileTestJava NO-SOURCE
:build:processTestResources NO-SOURCE
:build:testClasses UP-TO-DATE
:build:test NO-SOURCE
:bndtools.api:processTestResources NO-SOURCE
:bndtools.bndplugins:processTestResources NO-SOURCE
:bndtools.builder:processTestResources NO-SOURCE
:bndtools.core:processTestResources
:bndtools.utils:processTestResources NO-SOURCE
:org.bndtools.headless.build.manager:processTestResources NO-SOURCE
:org.bndtools.templating:processTestResources NO-SOURCE
:org.bndtools.versioncontrol.ignores.manager:processTestResources NO-SOURCE
:bndtools.jareditor:processTestResources NO-SOURCE
:bndtools.m2e:processTestResources NO-SOURCE
:bndtools.release:processTestResources NO-SOURCE
:org.bndtools.embeddedrepo:compileTestJava NO-SOURCE
:org.bndtools.embeddedrepo:processTestResources NO-SOURCE
:org.bndtools.embeddedrepo:testClasses UP-TO-DATE
:org.bndtools.embeddedrepo:test NO-SOURCE
:org.bndtools.headless.build.plugin.ant:processTestResources NO-SOURCE
:org.bndtools.headless.build.plugin.gradle:processTestResources NO-SOURCE
:org.bndtools.templates.osgi:compileTestJava NO-SOURCE
:org.bndtools.templates.osgi:processTestResources NO-SOURCE
:org.bndtools.templates.osgi:testClasses UP-TO-DATE
:org.bndtools.templates.osgi:test NO-SOURCE
:org.bndtools.templates.osgi:testOSGi SKIPPED
:org.bndtools.templates.osgi:check UP-TO-DATE
:org.bndtools.templates.osgi:checkNeeded UP-TO-DATE
:org.bndtools.templates.template:compileTestJava NO-SOURCE
:org.bndtools.templates.template:processTestResources NO-SOURCE
:org.bndtools.templates.template:testClasses UP-TO-DATE
:org.bndtools.templates.template:test NO-SOURCE
:org.bndtools.templates.template:testOSGi SKIPPED
:org.bndtools.templates.template:check UP-TO-DATE
:org.bndtools.templates.template:checkNeeded UP-TO-DATE
:org.bndtools.templating.gitrepo:processTestResources NO-SOURCE
:org.bndtools.versioncontrol.ignores.plugin.git:processTestResources NO-SOURCE
:org.bndtools.templates.osgi:release
:org.bndtools.templates.osgi:releaseNeeded
:org.bndtools.templates.template:release
:org.bndtools.templates.template:releaseNeeded

FAILURE: Build completed with 5 failures.

1: Task failed with an exception.
-----------
* What went wrong:
Execution failed for task ':bndtools.api:compileJava'.
> bndtools.api has errors, 4 errors were reported

* Try:
Run with --stacktrace option to get the stack trace. Run with --info or --debug option to get more log output.
==============================================================================

2: Task failed with an exception.
-----------
* What went wrong:
Execution failed for task ':bndtools.bndplugins:compileJava'.
> bndtools.bndplugins has errors, 6 errors were reported

* Try:
Run with --stacktrace option to get the stack trace. Run with --info or --debug option to get more log output.
==============================================================================

3: Task failed with an exception.
-----------
* What went wrong:
Execution failed for task ':org.bndtools.templating:compileJava'.
> org.bndtools.templating has errors, 6 errors were reported

* Try:
Run with --stacktrace option to get the stack trace. Run with --info or --debug option to get more log output.
==============================================================================

4: Task failed with an exception.
-----------
* What went wrong:
Execution failed for task ':bndtools.jareditor:compileJava'.
> bndtools.jareditor has errors, 4 errors were reported

* Try:
Run with --stacktrace option to get the stack trace. Run with --info or --debug option to get more log output.
==============================================================================

5: Task failed with an exception.
-----------
* What went wrong:
Execution failed for task ':org.bndtools.embeddedrepo:jar'.
> org.bndtools.embeddedrepo has errors, 2 errors were reported

* Try:
Run with --stacktrace option to get the stack trace. Run with --info or --debug option to get more log output.
==============================================================================

* Get more help at https://help.gradle.org

BUILD FAILED in 22s
17 actionable tasks: 17 executed

travis_time:end:0c5e5b2d:start=1504270989680654189,finish=1504271012329433156,duration=22648778967
[0K
[31;1mThe command "./gradlew -Dmaven.repo.local=cnf/cache/stable/m2 --continue" exited with 1.[0m
travis_fold:start:before_cache.1
[0Ktravis_time:start:0105ba81
[0K$ git status
# HEAD detached at c09ded2
nothing to commit, working directory clean

travis_time:end:0105ba81:start=1504271012335487448,finish=1504271012355464314,duration=19976866
[0Ktravis_fold:end:before_cache.1
[0Ktravis_fold:start:before_cache.2
[0Ktravis_time:start:026c52d3
[0K$ rm -f  $HOME/.gradle/caches/modules-2/modules-2.lock

travis_time:end:026c52d3:start=1504271012364124807,finish=1504271012369279581,duration=5154774
[0Ktravis_fold:end:before_cache.2
[0Ktravis_fold:start:before_cache.3
[0Ktravis_time:start:04e69d38
[0K$ rm -rf $HOME/.gradle/caches/*/plugin-resolution/

travis_time:end:04e69d38:start=1504271012374538762,finish=1504271012380077063,duration=5538301
[0Ktravis_fold:end:before_cache.3
[0Ktravis_fold:start:cache.2
[0Kstore build cache
travis_time:start:03c96e67
[0K
travis_time:end:03c96e67:start=1504271012385749563,finish=1504271012390349892,duration=4600329
[0Ktravis_time:start:004458d5
[0K[32;1mchange detected (content changed, file is created, or file is deleted):
/home/travis/build/bndtools/bndtools/cnf/cache/stable/EclipseM2E/org.eclipse.m2e.core-1.6.2.20150902-0002.jar
/home/travis/build/bndtools/bndtools/cnf/cache/stable/EclipseM2E/org.eclipse.m2e.jdt-1.6.2.20150902-0002.jar
/home/travis/.gradle/caches/4.1/fileHashes/fileHashes.bin
/home/travis/.gradle/caches/4.1/fileHashes/fileHashes.lock
/home/travis/.gradle/caches/4.1/fileHashes/resourceHashesCache.bin
/home/travis/.gradle/caches/4.1/scripts/3lv3koloejyrsad7vb0dd8dg7/settings/settingsaf88997b3a10ff8c49ceb51edc2bfb42/cache.properties
/home/travis/.gradle/caches/4.1/scripts/3lv3koloejyrsad7vb0dd8dg7/settings/settingsaf88997b3a10ff8c49ceb51edc2bfb42/classes/_BuildScript_.class
/home/travis/.gradle/caches/4.1/scripts/3lv3koloejyrsad7vb0dd8dg7/settings/settingsaf88997b3a10ff8c49ceb51edc2bfb42/classes/_BuildScript_$_run_closure1.class
/home/travis/.gradle/caches/4.1/scripts/3lv3koloejyrsad7vb0dd8dg7/settings/settingsaf88997b3a10ff8c49ceb51edc2bfb42/metadata/metadata.bin
/home/travis/.gradle/cach
[0m
[32;1m...
[0m
[32;1mchanges detected, packing new archive[0m
.
.
.
.
.
.
[32;1muploading archive[0m

travis_time:end:004458d5:start=1504271012395768800,finish=1504271061698419401,duration=49302650601
[0Ktravis_fold:end:cache.2
[0K
Done. Your build exited with 1.

